{"/Users/tinkitwong/Desktop/JOB 2022/GovTech/Software Engineer, Development Centre/Assessment/app.js": {"path":"/Users/tinkitwong/Desktop/JOB 2022/GovTech/Software Engineer, Development Centre/Assessment/app.js","statementMap":{"0":{"start":{"line":1,"column":16},"end":{"line":1,"column":34}},"1":{"start":{"line":2,"column":12},"end":{"line":2,"column":21}},"2":{"start":{"line":3,"column":0},"end":{"line":3,"column":26}},"3":{"start":{"line":6,"column":0},"end":{"line":6,"column":24}},"4":{"start":{"line":7,"column":0},"end":{"line":7,"column":48}},"5":{"start":{"line":11,"column":11},"end":{"line":11,"column":31}},"6":{"start":{"line":12,"column":0},"end":{"line":16,"column":2}},"7":{"start":{"line":15,"column":4},"end":{"line":15,"column":13}},"8":{"start":{"line":19,"column":0},"end":{"line":19,"column":63}},"9":{"start":{"line":20,"column":0},"end":{"line":20,"column":57}},"10":{"start":{"line":21,"column":0},"end":{"line":21,"column":57}},"11":{"start":{"line":25,"column":0},"end":{"line":31,"column":2}},"12":{"start":{"line":27,"column":4},"end":{"line":27,"column":33}},"13":{"start":{"line":28,"column":4},"end":{"line":30,"column":6}},"14":{"start":{"line":34,"column":0},"end":{"line":40,"column":1}},"15":{"start":{"line":35,"column":4},"end":{"line":35,"column":25}},"16":{"start":{"line":37,"column":4},"end":{"line":39,"column":6}},"17":{"start":{"line":38,"column":8},"end":{"line":38,"column":63}}},"fnMap":{"0":{"name":"(anonymous_0)","decl":{"start":{"line":12,"column":53},"end":{"line":12,"column":54}},"loc":{"start":{"line":12,"column":62},"end":{"line":14,"column":1}},"line":12},"1":{"name":"(anonymous_1)","decl":{"start":{"line":14,"column":9},"end":{"line":14,"column":10}},"loc":{"start":{"line":14,"column":18},"end":{"line":16,"column":1}},"line":14},"2":{"name":"(anonymous_2)","decl":{"start":{"line":25,"column":8},"end":{"line":25,"column":9}},"loc":{"start":{"line":25,"column":33},"end":{"line":31,"column":1}},"line":25},"3":{"name":"(anonymous_3)","decl":{"start":{"line":37,"column":44},"end":{"line":37,"column":45}},"loc":{"start":{"line":37,"column":50},"end":{"line":39,"column":5}},"line":37}},"branchMap":{"0":{"loc":{"start":{"line":27,"column":15},"end":{"line":27,"column":32}},"type":"binary-expr","locations":[{"start":{"line":27,"column":15},"end":{"line":27,"column":25}},{"start":{"line":27,"column":29},"end":{"line":27,"column":32}}],"line":27},"1":{"loc":{"start":{"line":34,"column":0},"end":{"line":40,"column":1}},"type":"if","locations":[{"start":{"line":34,"column":0},"end":{"line":40,"column":1}},{"start":{"line":36,"column":7},"end":{"line":40,"column":1}}],"line":34},"2":{"loc":{"start":{"line":37,"column":15},"end":{"line":37,"column":42}},"type":"binary-expr","locations":[{"start":{"line":37,"column":15},"end":{"line":37,"column":34}},{"start":{"line":37,"column":38},"end":{"line":37,"column":42}}],"line":37}},"s":{"0":3,"1":3,"2":3,"3":3,"4":3,"5":3,"6":3,"7":0,"8":3,"9":3,"10":3,"11":3,"12":4,"13":4,"14":3,"15":3,"16":0,"17":0},"f":{"0":3,"1":0,"2":4,"3":0},"b":{"0":[4,4],"1":[3,0],"2":[0,0]},"_coverageSchema":"1a1c01bbd47fc00a2c39e90264f33305004495a9","hash":"ecf13bd5ee434b0b8a98043bff8af3b9354ddbeb"}
,"/Users/tinkitwong/Desktop/JOB 2022/GovTech/Software Engineer, Development Centre/Assessment/config/db.config.js": {"path":"/Users/tinkitwong/Desktop/JOB 2022/GovTech/Software Engineer, Development Centre/Assessment/config/db.config.js","statementMap":{"0":{"start":{"line":1,"column":15},"end":{"line":1,"column":27}},"1":{"start":{"line":2,"column":0},"end":{"line":4,"column":1}},"2":{"start":{"line":3,"column":2},"end":{"line":3,"column":20}},"3":{"start":{"line":6,"column":0},"end":{"line":18,"column":2}}},"fnMap":{},"branchMap":{"0":{"loc":{"start":{"line":2,"column":0},"end":{"line":4,"column":1}},"type":"if","locations":[{"start":{"line":2,"column":0},"end":{"line":4,"column":1}},{"start":{},"end":{}}],"line":2}},"s":{"0":3,"1":3,"2":0,"3":3},"f":{},"b":{"0":[0,3]},"_coverageSchema":"1a1c01bbd47fc00a2c39e90264f33305004495a9","hash":"cfd73d50b99562096c0155b6aa02a181acadbc5d"}
,"/Users/tinkitwong/Desktop/JOB 2022/GovTech/Software Engineer, Development Centre/Assessment/controllers/grants.controller.js": {"path":"/Users/tinkitwong/Desktop/JOB 2022/GovTech/Software Engineer, Development Centre/Assessment/controllers/grants.controller.js","statementMap":{"0":{"start":{"line":1,"column":25},"end":{"line":1,"column":68}},"1":{"start":{"line":2,"column":19},"end":{"line":2,"column":49}},"2":{"start":{"line":5,"column":0},"end":{"line":109,"column":1}},"3":{"start":{"line":6,"column":4},"end":{"line":108,"column":5}},"4":{"start":{"line":9,"column":30},"end":{"line":9,"column":103}},"5":{"start":{"line":10,"column":28},"end":{"line":10,"column":101}},"6":{"start":{"line":13,"column":25},"end":{"line":13,"column":57}},"7":{"start":{"line":15,"column":8},"end":{"line":20,"column":9}},"8":{"start":{"line":16,"column":12},"end":{"line":18,"column":14}},"9":{"start":{"line":19,"column":12},"end":{"line":19,"column":18}},"10":{"start":{"line":22,"column":20},"end":{"line":22,"column":22}},"11":{"start":{"line":24,"column":8},"end":{"line":104,"column":10}},"12":{"start":{"line":26,"column":40},"end":{"line":26,"column":41}},"13":{"start":{"line":29,"column":12},"end":{"line":31,"column":13}},"14":{"start":{"line":30,"column":16},"end":{"line":30,"column":22}},"15":{"start":{"line":34,"column":12},"end":{"line":45,"column":14}},"16":{"start":{"line":35,"column":16},"end":{"line":35,"column":60}},"17":{"start":{"line":38,"column":16},"end":{"line":40,"column":17}},"18":{"start":{"line":39,"column":20},"end":{"line":39,"column":36}},"19":{"start":{"line":42,"column":16},"end":{"line":44,"column":17}},"20":{"start":{"line":43,"column":20},"end":{"line":43,"column":33}},"21":{"start":{"line":47,"column":34},"end":{"line":53,"column":13}},"22":{"start":{"line":58,"column":12},"end":{"line":60,"column":13}},"23":{"start":{"line":59,"column":16},"end":{"line":59,"column":62}},"24":{"start":{"line":62,"column":12},"end":{"line":100,"column":14}},"25":{"start":{"line":68,"column":16},"end":{"line":70,"column":17}},"26":{"start":{"line":69,"column":20},"end":{"line":69,"column":52}},"27":{"start":{"line":77,"column":16},"end":{"line":84,"column":17}},"28":{"start":{"line":79,"column":20},"end":{"line":83,"column":21}},"29":{"start":{"line":80,"column":24},"end":{"line":82,"column":25}},"30":{"start":{"line":81,"column":28},"end":{"line":81,"column":79}},"31":{"start":{"line":89,"column":16},"end":{"line":91,"column":17}},"32":{"start":{"line":90,"column":20},"end":{"line":90,"column":59}},"33":{"start":{"line":96,"column":16},"end":{"line":98,"column":17}},"34":{"start":{"line":97,"column":20},"end":{"line":97,"column":52}},"35":{"start":{"line":103,"column":12},"end":{"line":103,"column":49}},"36":{"start":{"line":105,"column":8},"end":{"line":105,"column":23}},"37":{"start":{"line":107,"column":8},"end":{"line":107,"column":19}}},"fnMap":{"0":{"name":"(anonymous_0)","decl":{"start":{"line":5,"column":27},"end":{"line":5,"column":28}},"loc":{"start":{"line":5,"column":53},"end":{"line":109,"column":1}},"line":5},"1":{"name":"(anonymous_1)","decl":{"start":{"line":24,"column":27},"end":{"line":24,"column":28}},"loc":{"start":{"line":24,"column":40},"end":{"line":104,"column":9}},"line":24},"2":{"name":"(anonymous_2)","decl":{"start":{"line":34,"column":44},"end":{"line":34,"column":45}},"loc":{"start":{"line":34,"column":54},"end":{"line":45,"column":13}},"line":34},"3":{"name":"(anonymous_3)","decl":{"start":{"line":62,"column":44},"end":{"line":62,"column":45}},"loc":{"start":{"line":62,"column":54},"end":{"line":100,"column":13}},"line":62}},"branchMap":{"0":{"loc":{"start":{"line":9,"column":30},"end":{"line":9,"column":103}},"type":"cond-expr","locations":[{"start":{"line":9,"column":66},"end":{"line":9,"column":99}},{"start":{"line":9,"column":102},"end":{"line":9,"column":103}}],"line":9},"1":{"loc":{"start":{"line":10,"column":28},"end":{"line":10,"column":101}},"type":"cond-expr","locations":[{"start":{"line":10,"column":64},"end":{"line":10,"column":97}},{"start":{"line":10,"column":100},"end":{"line":10,"column":101}}],"line":10},"2":{"loc":{"start":{"line":15,"column":8},"end":{"line":20,"column":9}},"type":"if","locations":[{"start":{"line":15,"column":8},"end":{"line":20,"column":9}},{"start":{},"end":{}}],"line":15},"3":{"loc":{"start":{"line":29,"column":12},"end":{"line":31,"column":13}},"type":"if","locations":[{"start":{"line":29,"column":12},"end":{"line":31,"column":13}},{"start":{},"end":{}}],"line":29},"4":{"loc":{"start":{"line":29,"column":16},"end":{"line":29,"column":102}},"type":"binary-expr","locations":[{"start":{"line":29,"column":16},"end":{"line":29,"column":52}},{"start":{"line":29,"column":56},"end":{"line":29,"column":102}}],"line":29},"5":{"loc":{"start":{"line":38,"column":16},"end":{"line":40,"column":17}},"type":"if","locations":[{"start":{"line":38,"column":16},"end":{"line":40,"column":17}},{"start":{},"end":{}}],"line":38},"6":{"loc":{"start":{"line":38,"column":20},"end":{"line":38,"column":82}},"type":"binary-expr","locations":[{"start":{"line":38,"column":20},"end":{"line":38,"column":54}},{"start":{"line":38,"column":58},"end":{"line":38,"column":82}}],"line":38},"7":{"loc":{"start":{"line":42,"column":16},"end":{"line":44,"column":17}},"type":"if","locations":[{"start":{"line":42,"column":16},"end":{"line":44,"column":17}},{"start":{},"end":{}}],"line":42},"8":{"loc":{"start":{"line":42,"column":20},"end":{"line":42,"column":84}},"type":"binary-expr","locations":[{"start":{"line":42,"column":20},"end":{"line":42,"column":54}},{"start":{"line":42,"column":58},"end":{"line":42,"column":84}}],"line":42},"9":{"loc":{"start":{"line":58,"column":12},"end":{"line":60,"column":13}},"type":"if","locations":[{"start":{"line":58,"column":12},"end":{"line":60,"column":13}},{"start":{},"end":{}}],"line":58},"10":{"loc":{"start":{"line":58,"column":16},"end":{"line":58,"column":86}},"type":"binary-expr","locations":[{"start":{"line":58,"column":16},"end":{"line":58,"column":46}},{"start":{"line":58,"column":50},"end":{"line":58,"column":86}}],"line":58},"11":{"loc":{"start":{"line":68,"column":16},"end":{"line":70,"column":17}},"type":"if","locations":[{"start":{"line":68,"column":16},"end":{"line":70,"column":17}},{"start":{},"end":{}}],"line":68},"12":{"loc":{"start":{"line":68,"column":20},"end":{"line":68,"column":117}},"type":"binary-expr","locations":[{"start":{"line":68,"column":20},"end":{"line":68,"column":43}},{"start":{"line":68,"column":47},"end":{"line":68,"column":77}},{"start":{"line":68,"column":81},"end":{"line":68,"column":117}}],"line":68},"13":{"loc":{"start":{"line":77,"column":16},"end":{"line":84,"column":17}},"type":"if","locations":[{"start":{"line":77,"column":16},"end":{"line":84,"column":17}},{"start":{},"end":{}}],"line":77},"14":{"loc":{"start":{"line":79,"column":20},"end":{"line":83,"column":21}},"type":"if","locations":[{"start":{"line":79,"column":20},"end":{"line":83,"column":21}},{"start":{},"end":{}}],"line":79},"15":{"loc":{"start":{"line":79,"column":24},"end":{"line":79,"column":67}},"type":"binary-expr","locations":[{"start":{"line":79,"column":24},"end":{"line":79,"column":45}},{"start":{"line":79,"column":49},"end":{"line":79,"column":67}}],"line":79},"16":{"loc":{"start":{"line":80,"column":24},"end":{"line":82,"column":25}},"type":"if","locations":[{"start":{"line":80,"column":24},"end":{"line":82,"column":25}},{"start":{},"end":{}}],"line":80},"17":{"loc":{"start":{"line":89,"column":16},"end":{"line":91,"column":17}},"type":"if","locations":[{"start":{"line":89,"column":16},"end":{"line":91,"column":17}},{"start":{},"end":{}}],"line":89},"18":{"loc":{"start":{"line":96,"column":16},"end":{"line":98,"column":17}},"type":"if","locations":[{"start":{"line":96,"column":16},"end":{"line":98,"column":17}},{"start":{},"end":{}}],"line":96}},"s":{"0":3,"1":3,"2":3,"3":6,"4":6,"5":6,"6":6,"7":6,"8":1,"9":1,"10":5,"11":5,"12":12,"13":12,"14":4,"15":8,"16":14,"17":14,"18":3,"19":14,"20":3,"21":8,"22":8,"23":8,"24":8,"25":14,"26":2,"27":14,"28":2,"29":2,"30":2,"31":14,"32":1,"33":14,"34":2,"35":8,"36":5,"37":0},"f":{"0":6,"1":12,"2":14,"3":14},"b":{"0":[6,0],"1":[6,0],"2":[1,5],"3":[4,8],"4":[12,8],"5":[3,11],"6":[14,6],"7":[3,11],"8":[14,6],"9":[8,0],"10":[8,8],"11":[2,12],"12":[14,2,2],"13":[2,12],"14":[2,0],"15":[2,2],"16":[2,0],"17":[1,13],"18":[2,12]},"_coverageSchema":"1a1c01bbd47fc00a2c39e90264f33305004495a9","hash":"a16667fb03918524df6810c69456bc4eaa505bd1"}
,"/Users/tinkitwong/Desktop/JOB 2022/GovTech/Software Engineer, Development Centre/Assessment/controllers/household.controller.js": {"path":"/Users/tinkitwong/Desktop/JOB 2022/GovTech/Software Engineer, Development Centre/Assessment/controllers/household.controller.js","statementMap":{"0":{"start":{"line":1,"column":25},"end":{"line":1,"column":68}},"1":{"start":{"line":2,"column":22},"end":{"line":2,"column":62}},"2":{"start":{"line":3,"column":42},"end":{"line":3,"column":74}},"3":{"start":{"line":6,"column":0},"end":{"line":38,"column":1}},"4":{"start":{"line":8,"column":4},"end":{"line":37,"column":5}},"5":{"start":{"line":10,"column":28},"end":{"line":10,"column":48}},"6":{"start":{"line":12,"column":8},"end":{"line":34,"column":9}},"7":{"start":{"line":13,"column":12},"end":{"line":13,"column":74}},"8":{"start":{"line":17,"column":12},"end":{"line":33,"column":13}},"9":{"start":{"line":18,"column":16},"end":{"line":21,"column":18}},"10":{"start":{"line":22,"column":16},"end":{"line":22,"column":22}},"11":{"start":{"line":26,"column":42},"end":{"line":28,"column":17}},"12":{"start":{"line":30,"column":34},"end":{"line":30,"column":82}},"13":{"start":{"line":32,"column":16},"end":{"line":32,"column":35}},"14":{"start":{"line":36,"column":8},"end":{"line":36,"column":19}},"15":{"start":{"line":41,"column":0},"end":{"line":93,"column":1}},"16":{"start":{"line":42,"column":4},"end":{"line":92,"column":5}},"17":{"start":{"line":44,"column":28},"end":{"line":44,"column":96}},"18":{"start":{"line":45,"column":24},"end":{"line":45,"column":68}},"19":{"start":{"line":47,"column":8},"end":{"line":89,"column":9}},"20":{"start":{"line":48,"column":12},"end":{"line":50,"column":14}},"21":{"start":{"line":51,"column":12},"end":{"line":51,"column":18}},"22":{"start":{"line":56,"column":35},"end":{"line":64,"column":13}},"23":{"start":{"line":66,"column":12},"end":{"line":88,"column":13}},"24":{"start":{"line":67,"column":16},"end":{"line":70,"column":18}},"25":{"start":{"line":71,"column":16},"end":{"line":71,"column":22}},"26":{"start":{"line":74,"column":37},"end":{"line":74,"column":85}},"27":{"start":{"line":75,"column":16},"end":{"line":75,"column":62}},"28":{"start":{"line":77,"column":45},"end":{"line":77,"column":113}},"29":{"start":{"line":79,"column":16},"end":{"line":87,"column":17}},"30":{"start":{"line":80,"column":20},"end":{"line":82,"column":22}},"31":{"start":{"line":84,"column":20},"end":{"line":86,"column":22}},"32":{"start":{"line":91,"column":8},"end":{"line":91,"column":19}},"33":{"start":{"line":96,"column":0},"end":{"line":108,"column":1}},"34":{"start":{"line":97,"column":4},"end":{"line":107,"column":5}},"35":{"start":{"line":98,"column":27},"end":{"line":98,"column":59}},"36":{"start":{"line":99,"column":8},"end":{"line":104,"column":9}},"37":{"start":{"line":100,"column":12},"end":{"line":100,"column":44}},"38":{"start":{"line":102,"column":13},"end":{"line":104,"column":9}},"39":{"start":{"line":103,"column":12},"end":{"line":103,"column":99}},"40":{"start":{"line":106,"column":8},"end":{"line":106,"column":19}},"41":{"start":{"line":111,"column":0},"end":{"line":135,"column":1}},"42":{"start":{"line":112,"column":4},"end":{"line":134,"column":5}},"43":{"start":{"line":113,"column":28},"end":{"line":113,"column":62}},"44":{"start":{"line":115,"column":8},"end":{"line":131,"column":9}},"45":{"start":{"line":116,"column":12},"end":{"line":118,"column":14}},"46":{"start":{"line":121,"column":30},"end":{"line":121,"column":74}},"47":{"start":{"line":123,"column":12},"end":{"line":130,"column":13}},"48":{"start":{"line":124,"column":16},"end":{"line":126,"column":18}},"49":{"start":{"line":129,"column":16},"end":{"line":129,"column":35}},"50":{"start":{"line":133,"column":8},"end":{"line":133,"column":19}},"51":{"start":{"line":138,"column":0},"end":{"line":164,"column":1}},"52":{"start":{"line":139,"column":4},"end":{"line":163,"column":5}},"53":{"start":{"line":140,"column":28},"end":{"line":140,"column":62}},"54":{"start":{"line":142,"column":8},"end":{"line":160,"column":9}},"55":{"start":{"line":143,"column":12},"end":{"line":145,"column":14}},"56":{"start":{"line":146,"column":12},"end":{"line":146,"column":18}},"57":{"start":{"line":149,"column":27},"end":{"line":149,"column":69}},"58":{"start":{"line":150,"column":12},"end":{"line":159,"column":13}},"59":{"start":{"line":151,"column":16},"end":{"line":153,"column":18}},"60":{"start":{"line":156,"column":16},"end":{"line":158,"column":18}},"61":{"start":{"line":162,"column":8},"end":{"line":162,"column":19}},"62":{"start":{"line":166,"column":0},"end":{"line":198,"column":1}},"63":{"start":{"line":167,"column":4},"end":{"line":197,"column":5}},"64":{"start":{"line":169,"column":28},"end":{"line":169,"column":76}},"65":{"start":{"line":170,"column":33},"end":{"line":170,"column":91}},"66":{"start":{"line":173,"column":26},"end":{"line":173,"column":70}},"67":{"start":{"line":176,"column":29},"end":{"line":176,"column":77}},"68":{"start":{"line":179,"column":8},"end":{"line":179,"column":57}},"69":{"start":{"line":181,"column":31},"end":{"line":181,"column":75}},"70":{"start":{"line":182,"column":30},"end":{"line":182,"column":69}},"71":{"start":{"line":184,"column":8},"end":{"line":193,"column":9}},"72":{"start":{"line":185,"column":12},"end":{"line":187,"column":14}},"73":{"start":{"line":190,"column":12},"end":{"line":192,"column":14}},"74":{"start":{"line":196,"column":8},"end":{"line":196,"column":19}}},"fnMap":{"0":{"name":"(anonymous_0)","decl":{"start":{"line":6,"column":17},"end":{"line":6,"column":18}},"loc":{"start":{"line":6,"column":43},"end":{"line":38,"column":1}},"line":6},"1":{"name":"(anonymous_1)","decl":{"start":{"line":41,"column":26},"end":{"line":41,"column":27}},"loc":{"start":{"line":41,"column":52},"end":{"line":93,"column":1}},"line":41},"2":{"name":"(anonymous_2)","decl":{"start":{"line":96,"column":18},"end":{"line":96,"column":19}},"loc":{"start":{"line":96,"column":44},"end":{"line":108,"column":1}},"line":96},"3":{"name":"(anonymous_3)","decl":{"start":{"line":111,"column":19},"end":{"line":111,"column":20}},"loc":{"start":{"line":111,"column":45},"end":{"line":135,"column":1}},"line":111},"4":{"name":"(anonymous_4)","decl":{"start":{"line":138,"column":17},"end":{"line":138,"column":18}},"loc":{"start":{"line":138,"column":43},"end":{"line":164,"column":1}},"line":138},"5":{"name":"(anonymous_5)","decl":{"start":{"line":166,"column":23},"end":{"line":166,"column":24}},"loc":{"start":{"line":166,"column":50},"end":{"line":198,"column":1}},"line":166}},"branchMap":{"0":{"loc":{"start":{"line":12,"column":8},"end":{"line":34,"column":9}},"type":"if","locations":[{"start":{"line":12,"column":8},"end":{"line":34,"column":9}},{"start":{"line":15,"column":13},"end":{"line":34,"column":9}}],"line":12},"1":{"loc":{"start":{"line":17,"column":12},"end":{"line":33,"column":13}},"type":"if","locations":[{"start":{"line":17,"column":12},"end":{"line":33,"column":13}},{"start":{"line":24,"column":17},"end":{"line":33,"column":13}}],"line":17},"2":{"loc":{"start":{"line":27,"column":34},"end":{"line":27,"column":64}},"type":"cond-expr","locations":[{"start":{"line":27,"column":48},"end":{"line":27,"column":59}},{"start":{"line":27,"column":62},"end":{"line":27,"column":64}}],"line":27},"3":{"loc":{"start":{"line":44,"column":28},"end":{"line":44,"column":96}},"type":"cond-expr","locations":[{"start":{"line":44,"column":61},"end":{"line":44,"column":91}},{"start":{"line":44,"column":94},"end":{"line":44,"column":96}}],"line":44},"4":{"loc":{"start":{"line":47,"column":8},"end":{"line":89,"column":9}},"type":"if","locations":[{"start":{"line":47,"column":8},"end":{"line":89,"column":9}},{"start":{"line":53,"column":13},"end":{"line":89,"column":9}}],"line":47},"5":{"loc":{"start":{"line":57,"column":23},"end":{"line":57,"column":71}},"type":"cond-expr","locations":[{"start":{"line":57,"column":46},"end":{"line":57,"column":66}},{"start":{"line":57,"column":69},"end":{"line":57,"column":71}}],"line":57},"6":{"loc":{"start":{"line":58,"column":25},"end":{"line":58,"column":77}},"type":"cond-expr","locations":[{"start":{"line":58,"column":50},"end":{"line":58,"column":72}},{"start":{"line":58,"column":75},"end":{"line":58,"column":77}}],"line":58},"7":{"loc":{"start":{"line":59,"column":32},"end":{"line":59,"column":98}},"type":"cond-expr","locations":[{"start":{"line":59,"column":64},"end":{"line":59,"column":93}},{"start":{"line":59,"column":96},"end":{"line":59,"column":98}}],"line":59},"8":{"loc":{"start":{"line":60,"column":25},"end":{"line":60,"column":77}},"type":"cond-expr","locations":[{"start":{"line":60,"column":50},"end":{"line":60,"column":72}},{"start":{"line":60,"column":75},"end":{"line":60,"column":77}}],"line":60},"9":{"loc":{"start":{"line":61,"column":33},"end":{"line":61,"column":101}},"type":"cond-expr","locations":[{"start":{"line":61,"column":66},"end":{"line":61,"column":96}},{"start":{"line":61,"column":99},"end":{"line":61,"column":101}}],"line":61},"10":{"loc":{"start":{"line":62,"column":31},"end":{"line":62,"column":95}},"type":"cond-expr","locations":[{"start":{"line":62,"column":62},"end":{"line":62,"column":90}},{"start":{"line":62,"column":93},"end":{"line":62,"column":95}}],"line":62},"11":{"loc":{"start":{"line":63,"column":22},"end":{"line":63,"column":68}},"type":"cond-expr","locations":[{"start":{"line":63,"column":44},"end":{"line":63,"column":63}},{"start":{"line":63,"column":66},"end":{"line":63,"column":68}}],"line":63},"12":{"loc":{"start":{"line":66,"column":12},"end":{"line":88,"column":13}},"type":"if","locations":[{"start":{"line":66,"column":12},"end":{"line":88,"column":13}},{"start":{"line":73,"column":17},"end":{"line":88,"column":13}}],"line":66},"13":{"loc":{"start":{"line":79,"column":16},"end":{"line":87,"column":17}},"type":"if","locations":[{"start":{"line":79,"column":16},"end":{"line":87,"column":17}},{"start":{"line":83,"column":23},"end":{"line":87,"column":17}}],"line":79},"14":{"loc":{"start":{"line":99,"column":8},"end":{"line":104,"column":9}},"type":"if","locations":[{"start":{"line":99,"column":8},"end":{"line":104,"column":9}},{"start":{"line":102,"column":13},"end":{"line":104,"column":9}}],"line":99},"15":{"loc":{"start":{"line":99,"column":12},"end":{"line":99,"column":56}},"type":"binary-expr","locations":[{"start":{"line":99,"column":12},"end":{"line":99,"column":31}},{"start":{"line":99,"column":35},"end":{"line":99,"column":56}}],"line":99},"16":{"loc":{"start":{"line":102,"column":13},"end":{"line":104,"column":9}},"type":"if","locations":[{"start":{"line":102,"column":13},"end":{"line":104,"column":9}},{"start":{},"end":{}}],"line":102},"17":{"loc":{"start":{"line":102,"column":17},"end":{"line":102,"column":63}},"type":"binary-expr","locations":[{"start":{"line":102,"column":17},"end":{"line":102,"column":36}},{"start":{"line":102,"column":40},"end":{"line":102,"column":63}}],"line":102},"18":{"loc":{"start":{"line":113,"column":28},"end":{"line":113,"column":62}},"type":"cond-expr","locations":[{"start":{"line":113,"column":44},"end":{"line":113,"column":57}},{"start":{"line":113,"column":60},"end":{"line":113,"column":62}}],"line":113},"19":{"loc":{"start":{"line":115,"column":8},"end":{"line":131,"column":9}},"type":"if","locations":[{"start":{"line":115,"column":8},"end":{"line":131,"column":9}},{"start":{"line":120,"column":13},"end":{"line":131,"column":9}}],"line":115},"20":{"loc":{"start":{"line":123,"column":12},"end":{"line":130,"column":13}},"type":"if","locations":[{"start":{"line":123,"column":12},"end":{"line":130,"column":13}},{"start":{"line":128,"column":17},"end":{"line":130,"column":13}}],"line":123},"21":{"loc":{"start":{"line":140,"column":28},"end":{"line":140,"column":62}},"type":"cond-expr","locations":[{"start":{"line":140,"column":44},"end":{"line":140,"column":57}},{"start":{"line":140,"column":60},"end":{"line":140,"column":62}}],"line":140},"22":{"loc":{"start":{"line":142,"column":8},"end":{"line":160,"column":9}},"type":"if","locations":[{"start":{"line":142,"column":8},"end":{"line":160,"column":9}},{"start":{"line":148,"column":13},"end":{"line":160,"column":9}}],"line":142},"23":{"loc":{"start":{"line":150,"column":12},"end":{"line":159,"column":13}},"type":"if","locations":[{"start":{"line":150,"column":12},"end":{"line":159,"column":13}},{"start":{"line":155,"column":17},"end":{"line":159,"column":13}}],"line":150},"24":{"loc":{"start":{"line":169,"column":28},"end":{"line":169,"column":76}},"type":"cond-expr","locations":[{"start":{"line":169,"column":51},"end":{"line":169,"column":71}},{"start":{"line":169,"column":74},"end":{"line":169,"column":76}}],"line":169},"25":{"loc":{"start":{"line":170,"column":33},"end":{"line":170,"column":91}},"type":"cond-expr","locations":[{"start":{"line":170,"column":61},"end":{"line":170,"column":86}},{"start":{"line":170,"column":89},"end":{"line":170,"column":91}}],"line":170},"26":{"loc":{"start":{"line":184,"column":8},"end":{"line":193,"column":9}},"type":"if","locations":[{"start":{"line":184,"column":8},"end":{"line":193,"column":9}},{"start":{"line":189,"column":13},"end":{"line":193,"column":9}}],"line":184}},"s":{"0":3,"1":3,"2":3,"3":3,"4":6,"5":6,"6":6,"7":1,"8":5,"9":1,"10":1,"11":4,"12":4,"13":4,"14":0,"15":3,"16":11,"17":11,"18":11,"19":11,"20":1,"21":1,"22":10,"23":10,"24":1,"25":1,"26":9,"27":9,"28":7,"29":7,"30":7,"31":0,"32":2,"33":3,"34":2,"35":2,"36":2,"37":1,"38":1,"39":1,"40":0,"41":3,"42":3,"43":3,"44":3,"45":0,"46":3,"47":3,"48":2,"49":1,"50":0,"51":3,"52":3,"53":3,"54":3,"55":0,"56":0,"57":3,"58":2,"59":1,"60":1,"61":1,"62":3,"63":3,"64":3,"65":3,"66":3,"67":3,"68":3,"69":2,"70":2,"71":2,"72":1,"73":1,"74":1},"f":{"0":6,"1":11,"2":2,"3":3,"4":3,"5":3},"b":{"0":[1,5],"1":[1,4],"2":[4,0],"3":[10,1],"4":[1,10],"5":[10,0],"6":[10,0],"7":[10,0],"8":[2,8],"9":[10,0],"10":[3,7],"11":[10,0],"12":[1,9],"13":[7,0],"14":[1,1],"15":[2,2],"16":[1,0],"17":[1,1],"18":[3,0],"19":[0,3],"20":[2,1],"21":[3,0],"22":[0,3],"23":[1,1],"24":[3,0],"25":[3,0],"26":[1,1]},"_coverageSchema":"1a1c01bbd47fc00a2c39e90264f33305004495a9","hash":"b6ce5b95999a491bb7dba9ebfc6f59e696c986c3"}
,"/Users/tinkitwong/Desktop/JOB 2022/GovTech/Software Engineer, Development Centre/Assessment/controllers/person.controller.js": {"path":"/Users/tinkitwong/Desktop/JOB 2022/GovTech/Software Engineer, Development Centre/Assessment/controllers/person.controller.js","statementMap":{"0":{"start":{"line":1,"column":22},"end":{"line":1,"column":62}},"1":{"start":{"line":4,"column":0},"end":{"line":29,"column":1}},"2":{"start":{"line":5,"column":4},"end":{"line":28,"column":5}},"3":{"start":{"line":7,"column":31},"end":{"line":15,"column":9}},"4":{"start":{"line":17,"column":23},"end":{"line":17,"column":71}},"5":{"start":{"line":18,"column":8},"end":{"line":24,"column":9}},"6":{"start":{"line":19,"column":12},"end":{"line":21,"column":14}},"7":{"start":{"line":23,"column":12},"end":{"line":23,"column":28}},"8":{"start":{"line":27,"column":8},"end":{"line":27,"column":19}}},"fnMap":{"0":{"name":"(anonymous_0)","decl":{"start":{"line":4,"column":17},"end":{"line":4,"column":18}},"loc":{"start":{"line":4,"column":43},"end":{"line":29,"column":1}},"line":4}},"branchMap":{"0":{"loc":{"start":{"line":8,"column":19},"end":{"line":8,"column":53}},"type":"cond-expr","locations":[{"start":{"line":8,"column":35},"end":{"line":8,"column":48}},{"start":{"line":8,"column":51},"end":{"line":8,"column":53}}],"line":8},"1":{"loc":{"start":{"line":9,"column":21},"end":{"line":9,"column":59}},"type":"cond-expr","locations":[{"start":{"line":9,"column":39},"end":{"line":9,"column":54}},{"start":{"line":9,"column":57},"end":{"line":9,"column":59}}],"line":9},"2":{"loc":{"start":{"line":10,"column":28},"end":{"line":10,"column":80}},"type":"cond-expr","locations":[{"start":{"line":10,"column":53},"end":{"line":10,"column":75}},{"start":{"line":10,"column":78},"end":{"line":10,"column":80}}],"line":10},"3":{"loc":{"start":{"line":11,"column":21},"end":{"line":11,"column":59}},"type":"cond-expr","locations":[{"start":{"line":11,"column":39},"end":{"line":11,"column":54}},{"start":{"line":11,"column":57},"end":{"line":11,"column":59}}],"line":11},"4":{"loc":{"start":{"line":12,"column":29},"end":{"line":12,"column":83}},"type":"cond-expr","locations":[{"start":{"line":12,"column":55},"end":{"line":12,"column":78}},{"start":{"line":12,"column":81},"end":{"line":12,"column":83}}],"line":12},"5":{"loc":{"start":{"line":13,"column":27},"end":{"line":13,"column":77}},"type":"cond-expr","locations":[{"start":{"line":13,"column":51},"end":{"line":13,"column":72}},{"start":{"line":13,"column":75},"end":{"line":13,"column":77}}],"line":13},"6":{"loc":{"start":{"line":14,"column":18},"end":{"line":14,"column":50}},"type":"cond-expr","locations":[{"start":{"line":14,"column":33},"end":{"line":14,"column":45}},{"start":{"line":14,"column":48},"end":{"line":14,"column":50}}],"line":14},"7":{"loc":{"start":{"line":18,"column":8},"end":{"line":24,"column":9}},"type":"if","locations":[{"start":{"line":18,"column":8},"end":{"line":24,"column":9}},{"start":{"line":22,"column":15},"end":{"line":24,"column":9}}],"line":18}},"s":{"0":3,"1":3,"2":3,"3":3,"4":3,"5":3,"6":1,"7":2,"8":0},"f":{"0":3},"b":{"0":[3,0],"1":[3,0],"2":[3,0],"3":[1,2],"4":[3,0],"5":[1,2],"6":[3,0],"7":[1,2]},"_coverageSchema":"1a1c01bbd47fc00a2c39e90264f33305004495a9","hash":"883a90f91da27b65afe5b97a2fc935364cfab9a7"}
,"/Users/tinkitwong/Desktop/JOB 2022/GovTech/Software Engineer, Development Centre/Assessment/models/household.model.js": {"path":"/Users/tinkitwong/Desktop/JOB 2022/GovTech/Software Engineer, Development Centre/Assessment/models/household.model.js","statementMap":{"0":{"start":{"line":1,"column":0},"end":{"line":12,"column":1}},"1":{"start":{"line":2,"column":22},"end":{"line":10,"column":6}},"2":{"start":{"line":11,"column":4},"end":{"line":11,"column":20}}},"fnMap":{"0":{"name":"(anonymous_0)","decl":{"start":{"line":1,"column":17},"end":{"line":1,"column":18}},"loc":{"start":{"line":1,"column":43},"end":{"line":12,"column":1}},"line":1}},"branchMap":{},"s":{"0":3,"1":3,"2":3},"f":{"0":3},"b":{},"_coverageSchema":"1a1c01bbd47fc00a2c39e90264f33305004495a9","hash":"72e38813e9806c6a8148189d5e1ddd455a158f37"}
,"/Users/tinkitwong/Desktop/JOB 2022/GovTech/Software Engineer, Development Centre/Assessment/models/index.js": {"path":"/Users/tinkitwong/Desktop/JOB 2022/GovTech/Software Engineer, Development Centre/Assessment/models/index.js","statementMap":{"0":{"start":{"line":1,"column":22},"end":{"line":1,"column":42}},"1":{"start":{"line":2,"column":17},"end":{"line":2,"column":50}},"2":{"start":{"line":5,"column":18},"end":{"line":23,"column":1}},"3":{"start":{"line":25,"column":11},"end":{"line":25,"column":13}},"4":{"start":{"line":27,"column":0},"end":{"line":27,"column":24}},"5":{"start":{"line":28,"column":0},"end":{"line":28,"column":24}},"6":{"start":{"line":31,"column":0},"end":{"line":31,"column":68}},"7":{"start":{"line":32,"column":0},"end":{"line":32,"column":62}},"8":{"start":{"line":35,"column":0},"end":{"line":35,"column":77}},"9":{"start":{"line":36,"column":0},"end":{"line":36,"column":81}},"10":{"start":{"line":38,"column":0},"end":{"line":38,"column":19}}},"fnMap":{},"branchMap":{},"s":{"0":3,"1":3,"2":3,"3":3,"4":3,"5":3,"6":3,"7":3,"8":3,"9":3,"10":3},"f":{},"b":{},"_coverageSchema":"1a1c01bbd47fc00a2c39e90264f33305004495a9","hash":"6c922df1c128bff2174b03e23903909d95414ea6"}
,"/Users/tinkitwong/Desktop/JOB 2022/GovTech/Software Engineer, Development Centre/Assessment/models/person.model.js": {"path":"/Users/tinkitwong/Desktop/JOB 2022/GovTech/Software Engineer, Development Centre/Assessment/models/person.model.js","statementMap":{"0":{"start":{"line":11,"column":0},"end":{"line":45,"column":1}},"1":{"start":{"line":12,"column":19},"end":{"line":43,"column":6}},"2":{"start":{"line":44,"column":4},"end":{"line":44,"column":17}}},"fnMap":{"0":{"name":"(anonymous_0)","decl":{"start":{"line":11,"column":17},"end":{"line":11,"column":18}},"loc":{"start":{"line":11,"column":43},"end":{"line":45,"column":1}},"line":11}},"branchMap":{},"s":{"0":3,"1":3,"2":3},"f":{"0":3},"b":{},"_coverageSchema":"1a1c01bbd47fc00a2c39e90264f33305004495a9","hash":"aa37bddaa27250cd89547e9df5d3e20128cdb9ee"}
,"/Users/tinkitwong/Desktop/JOB 2022/GovTech/Software Engineer, Development Centre/Assessment/routes/grants.routes.js": {"path":"/Users/tinkitwong/Desktop/JOB 2022/GovTech/Software Engineer, Development Centre/Assessment/routes/grants.routes.js","statementMap":{"0":{"start":{"line":1,"column":15},"end":{"line":1,"column":42}},"1":{"start":{"line":2,"column":25},"end":{"line":2,"column":71}},"2":{"start":{"line":5,"column":0},"end":{"line":5,"column":66}},"3":{"start":{"line":8,"column":0},"end":{"line":8,"column":23}}},"fnMap":{},"branchMap":{},"s":{"0":3,"1":3,"2":3,"3":3},"f":{},"b":{},"_coverageSchema":"1a1c01bbd47fc00a2c39e90264f33305004495a9","hash":"ff8686c5702055de685d5a9fbd900b6d3ae037a3"}
,"/Users/tinkitwong/Desktop/JOB 2022/GovTech/Software Engineer, Development Centre/Assessment/routes/household.routes.js": {"path":"/Users/tinkitwong/Desktop/JOB 2022/GovTech/Software Engineer, Development Centre/Assessment/routes/household.routes.js","statementMap":{"0":{"start":{"line":1,"column":15},"end":{"line":1,"column":42}},"1":{"start":{"line":2,"column":28},"end":{"line":2,"column":77}},"2":{"start":{"line":3,"column":25},"end":{"line":3,"column":71}},"3":{"start":{"line":10,"column":0},"end":{"line":10,"column":50}},"4":{"start":{"line":13,"column":0},"end":{"line":13,"column":62}},"5":{"start":{"line":16,"column":0},"end":{"line":16,"column":44}},"6":{"start":{"line":19,"column":0},"end":{"line":19,"column":48}},"7":{"start":{"line":22,"column":0},"end":{"line":22,"column":56}},"8":{"start":{"line":25,"column":0},"end":{"line":25,"column":64}},"9":{"start":{"line":27,"column":0},"end":{"line":27,"column":23}}},"fnMap":{},"branchMap":{},"s":{"0":3,"1":3,"2":3,"3":3,"4":3,"5":3,"6":3,"7":3,"8":3,"9":3},"f":{},"b":{},"_coverageSchema":"1a1c01bbd47fc00a2c39e90264f33305004495a9","hash":"0132a30fbcd84fca4b2116cfa48c7d1ba88f0775"}
,"/Users/tinkitwong/Desktop/JOB 2022/GovTech/Software Engineer, Development Centre/Assessment/routes/person.routes.js": {"path":"/Users/tinkitwong/Desktop/JOB 2022/GovTech/Software Engineer, Development Centre/Assessment/routes/person.routes.js","statementMap":{"0":{"start":{"line":1,"column":25},"end":{"line":1,"column":71}},"1":{"start":{"line":2,"column":15},"end":{"line":2,"column":42}},"2":{"start":{"line":4,"column":0},"end":{"line":4,"column":47}},"3":{"start":{"line":7,"column":0},"end":{"line":7,"column":23}}},"fnMap":{},"branchMap":{},"s":{"0":3,"1":3,"2":3,"3":3},"f":{},"b":{},"_coverageSchema":"1a1c01bbd47fc00a2c39e90264f33305004495a9","hash":"b1f96f63f7c50621190e9f3eb21dc7103d848c68"}
,"/Users/tinkitwong/Desktop/JOB 2022/GovTech/Software Engineer, Development Centre/Assessment/services/household.service.js": {"path":"/Users/tinkitwong/Desktop/JOB 2022/GovTech/Software Engineer, Development Centre/Assessment/services/household.service.js","statementMap":{"0":{"start":{"line":1,"column":11},"end":{"line":1,"column":31}},"1":{"start":{"line":2,"column":18},"end":{"line":2,"column":30}},"2":{"start":{"line":3,"column":11},"end":{"line":3,"column":26}},"3":{"start":{"line":5,"column":0},"end":{"line":63,"column":1}},"4":{"start":{"line":8,"column":8},"end":{"line":18,"column":9}},"5":{"start":{"line":9,"column":12},"end":{"line":15,"column":14}},"6":{"start":{"line":11,"column":16},"end":{"line":11,"column":27}},"7":{"start":{"line":14,"column":16},"end":{"line":14,"column":27}},"8":{"start":{"line":17,"column":12},"end":{"line":17,"column":24}},"9":{"start":{"line":22,"column":8},"end":{"line":34,"column":9}},"10":{"start":{"line":23,"column":12},"end":{"line":31,"column":14}},"11":{"start":{"line":27,"column":16},"end":{"line":27,"column":27}},"12":{"start":{"line":30,"column":16},"end":{"line":30,"column":27}},"13":{"start":{"line":33,"column":12},"end":{"line":33,"column":24}},"14":{"start":{"line":38,"column":8},"end":{"line":48,"column":9}},"15":{"start":{"line":39,"column":12},"end":{"line":45,"column":14}},"16":{"start":{"line":42,"column":16},"end":{"line":42,"column":27}},"17":{"start":{"line":44,"column":16},"end":{"line":44,"column":27}},"18":{"start":{"line":47,"column":12},"end":{"line":47,"column":24}},"19":{"start":{"line":51,"column":8},"end":{"line":61,"column":9}},"20":{"start":{"line":52,"column":12},"end":{"line":58,"column":14}},"21":{"start":{"line":55,"column":16},"end":{"line":55,"column":27}},"22":{"start":{"line":57,"column":16},"end":{"line":57,"column":27}},"23":{"start":{"line":60,"column":12},"end":{"line":60,"column":24}}},"fnMap":{"0":{"name":"(anonymous_0)","decl":{"start":{"line":7,"column":13},"end":{"line":7,"column":14}},"loc":{"start":{"line":7,"column":36},"end":{"line":19,"column":5}},"line":7},"1":{"name":"(anonymous_1)","decl":{"start":{"line":10,"column":18},"end":{"line":10,"column":19}},"loc":{"start":{"line":10,"column":26},"end":{"line":12,"column":13}},"line":10},"2":{"name":"(anonymous_2)","decl":{"start":{"line":13,"column":19},"end":{"line":13,"column":20}},"loc":{"start":{"line":13,"column":28},"end":{"line":15,"column":13}},"line":13},"3":{"name":"(anonymous_3)","decl":{"start":{"line":21,"column":15},"end":{"line":21,"column":16}},"loc":{"start":{"line":21,"column":32},"end":{"line":35,"column":5}},"line":21},"4":{"name":"(anonymous_4)","decl":{"start":{"line":26,"column":18},"end":{"line":26,"column":19}},"loc":{"start":{"line":26,"column":26},"end":{"line":28,"column":13}},"line":26},"5":{"name":"(anonymous_5)","decl":{"start":{"line":29,"column":19},"end":{"line":29,"column":20}},"loc":{"start":{"line":29,"column":28},"end":{"line":31,"column":13}},"line":29},"6":{"name":"(anonymous_6)","decl":{"start":{"line":37,"column":14},"end":{"line":37,"column":15}},"loc":{"start":{"line":37,"column":20},"end":{"line":49,"column":5}},"line":37},"7":{"name":"(anonymous_7)","decl":{"start":{"line":41,"column":20},"end":{"line":41,"column":21}},"loc":{"start":{"line":41,"column":28},"end":{"line":43,"column":13}},"line":41},"8":{"name":"(anonymous_8)","decl":{"start":{"line":43,"column":21},"end":{"line":43,"column":22}},"loc":{"start":{"line":43,"column":30},"end":{"line":45,"column":13}},"line":43},"9":{"name":"(anonymous_9)","decl":{"start":{"line":50,"column":13},"end":{"line":50,"column":14}},"loc":{"start":{"line":50,"column":30},"end":{"line":62,"column":5}},"line":50},"10":{"name":"(anonymous_10)","decl":{"start":{"line":54,"column":20},"end":{"line":54,"column":21}},"loc":{"start":{"line":54,"column":28},"end":{"line":56,"column":13}},"line":54},"11":{"name":"(anonymous_11)","decl":{"start":{"line":56,"column":21},"end":{"line":56,"column":22}},"loc":{"start":{"line":56,"column":30},"end":{"line":58,"column":13}},"line":56}},"branchMap":{},"s":{"0":3,"1":3,"2":3,"3":3,"4":4,"5":4,"6":4,"7":0,"8":0,"9":19,"10":19,"11":19,"12":0,"13":0,"14":8,"15":8,"16":8,"17":0,"18":0,"19":3,"20":3,"21":2,"22":1,"23":0},"f":{"0":4,"1":4,"2":0,"3":19,"4":19,"5":0,"6":8,"7":8,"8":0,"9":3,"10":2,"11":1},"b":{},"_coverageSchema":"1a1c01bbd47fc00a2c39e90264f33305004495a9","hash":"c0deb8ec96afc160f3648075f6578299b3b7d257"}
,"/Users/tinkitwong/Desktop/JOB 2022/GovTech/Software Engineer, Development Centre/Assessment/services/person.service.js": {"path":"/Users/tinkitwong/Desktop/JOB 2022/GovTech/Software Engineer, Development Centre/Assessment/services/person.service.js","statementMap":{"0":{"start":{"line":1,"column":11},"end":{"line":1,"column":31}},"1":{"start":{"line":2,"column":15},"end":{"line":2,"column":24}},"2":{"start":{"line":3,"column":11},"end":{"line":3,"column":26}},"3":{"start":{"line":5,"column":0},"end":{"line":54,"column":1}},"4":{"start":{"line":22,"column":8},"end":{"line":37,"column":9}},"5":{"start":{"line":24,"column":36},"end":{"line":27,"column":14}},"6":{"start":{"line":28,"column":12},"end":{"line":33,"column":13}},"7":{"start":{"line":29,"column":16},"end":{"line":29,"column":27}},"8":{"start":{"line":32,"column":16},"end":{"line":32,"column":81}},"9":{"start":{"line":36,"column":12},"end":{"line":36,"column":24}},"10":{"start":{"line":41,"column":8},"end":{"line":52,"column":9}},"11":{"start":{"line":42,"column":28},"end":{"line":42,"column":76}},"12":{"start":{"line":43,"column":12},"end":{"line":49,"column":14}},"13":{"start":{"line":46,"column":16},"end":{"line":46,"column":27}},"14":{"start":{"line":48,"column":16},"end":{"line":48,"column":27}},"15":{"start":{"line":51,"column":12},"end":{"line":51,"column":24}}},"fnMap":{"0":{"name":"(anonymous_0)","decl":{"start":{"line":21,"column":19},"end":{"line":21,"column":20}},"loc":{"start":{"line":21,"column":45},"end":{"line":38,"column":5}},"line":21},"1":{"name":"(anonymous_1)","decl":{"start":{"line":40,"column":17},"end":{"line":40,"column":18}},"loc":{"start":{"line":40,"column":33},"end":{"line":53,"column":5}},"line":40},"2":{"name":"(anonymous_2)","decl":{"start":{"line":45,"column":20},"end":{"line":45,"column":21}},"loc":{"start":{"line":45,"column":28},"end":{"line":47,"column":13}},"line":45},"3":{"name":"(anonymous_3)","decl":{"start":{"line":47,"column":21},"end":{"line":47,"column":22}},"loc":{"start":{"line":47,"column":30},"end":{"line":49,"column":13}},"line":47}},"branchMap":{"0":{"loc":{"start":{"line":28,"column":12},"end":{"line":33,"column":13}},"type":"if","locations":[{"start":{"line":28,"column":12},"end":{"line":33,"column":13}},{"start":{"line":31,"column":17},"end":{"line":33,"column":13}}],"line":28},"1":{"loc":{"start":{"line":42,"column":28},"end":{"line":42,"column":76}},"type":"cond-expr","locations":[{"start":{"line":42,"column":35},"end":{"line":42,"column":69}},{"start":{"line":42,"column":72},"end":{"line":42,"column":76}}],"line":42}},"s":{"0":3,"1":3,"2":3,"3":3,"4":12,"5":12,"6":12,"7":9,"8":3,"9":3,"10":3,"11":3,"12":3,"13":3,"14":0,"15":0},"f":{"0":12,"1":3,"2":3,"3":0},"b":{"0":[9,3],"1":[3,0]},"_coverageSchema":"1a1c01bbd47fc00a2c39e90264f33305004495a9","hash":"fb4e8e73d8ca32b8411c5122917a919c20450cc1"}
,"/Users/tinkitwong/Desktop/JOB 2022/GovTech/Software Engineer, Development Centre/Assessment/utils/constants.js": {"path":"/Users/tinkitwong/Desktop/JOB 2022/GovTech/Software Engineer, Development Centre/Assessment/utils/constants.js","statementMap":{"0":{"start":{"line":1,"column":0},"end":{"line":12,"column":1}}},"fnMap":{},"branchMap":{},"s":{"0":3},"f":{},"b":{},"_coverageSchema":"1a1c01bbd47fc00a2c39e90264f33305004495a9","hash":"bbbebcfb133696490b2eb06ad590efd2e5f2f8e2"}
,"/Users/tinkitwong/Desktop/JOB 2022/GovTech/Software Engineer, Development Centre/Assessment/utils/helpers.js": {"path":"/Users/tinkitwong/Desktop/JOB 2022/GovTech/Software Engineer, Development Centre/Assessment/utils/helpers.js","statementMap":{"0":{"start":{"line":1,"column":0},"end":{"line":14,"column":1}},"1":{"start":{"line":4,"column":24},"end":{"line":4,"column":34}},"2":{"start":{"line":5,"column":28},"end":{"line":5,"column":48}},"3":{"start":{"line":6,"column":22},"end":{"line":6,"column":67}},"4":{"start":{"line":7,"column":20},"end":{"line":7,"column":59}},"5":{"start":{"line":8,"column":12},"end":{"line":11,"column":13}},"6":{"start":{"line":10,"column":16},"end":{"line":10,"column":22}},"7":{"start":{"line":12,"column":12},"end":{"line":12,"column":23}}},"fnMap":{"0":{"name":"(anonymous_0)","decl":{"start":{"line":2,"column":13},"end":{"line":2,"column":14}},"loc":{"start":{"line":3,"column":8},"end":{"line":13,"column":9}},"line":3}},"branchMap":{"0":{"loc":{"start":{"line":8,"column":12},"end":{"line":11,"column":13}},"type":"if","locations":[{"start":{"line":8,"column":12},"end":{"line":11,"column":13}},{"start":{},"end":{}}],"line":8},"1":{"loc":{"start":{"line":8,"column":16},"end":{"line":8,"column":75}},"type":"binary-expr","locations":[{"start":{"line":8,"column":16},"end":{"line":8,"column":21}},{"start":{"line":8,"column":26},"end":{"line":8,"column":33}},{"start":{"line":8,"column":37},"end":{"line":8,"column":74}}],"line":8}},"s":{"0":4,"1":58,"2":58,"3":58,"4":58,"5":58,"6":57,"7":58},"f":{"0":58},"b":{"0":[57,1],"1":[58,1,0]},"_coverageSchema":"1a1c01bbd47fc00a2c39e90264f33305004495a9","hash":"37fbbe7e2153e124ee16e3cc37f5a04ca6b99f59"}
}
