TN:
SF:app.js
FN:12,(anonymous_0)
FN:14,(anonymous_1)
FN:25,(anonymous_2)
FN:37,(anonymous_3)
FNF:4
FNH:2
FNDA:3,(anonymous_0)
FNDA:0,(anonymous_1)
FNDA:5,(anonymous_2)
FNDA:0,(anonymous_3)
DA:1,3
DA:2,3
DA:3,3
DA:6,3
DA:7,3
DA:11,3
DA:12,3
DA:15,0
DA:19,3
DA:20,3
DA:21,3
DA:25,3
DA:27,5
DA:28,5
DA:34,3
DA:35,3
DA:37,0
DA:38,0
LF:18
LH:15
BRDA:27,0,0,5
BRDA:27,0,1,5
BRDA:34,1,0,3
BRDA:34,1,1,0
BRDA:37,2,0,0
BRDA:37,2,1,0
BRF:6
BRH:3
end_of_record
TN:
SF:config/db.config.js
FNF:0
FNH:0
DA:1,3
DA:2,3
DA:3,0
DA:6,3
LF:4
LH:3
BRDA:2,0,0,0
BRDA:2,0,1,3
BRF:2
BRH:1
end_of_record
TN:
SF:controllers/grants.controller.js
FN:5,(anonymous_0)
FN:24,(anonymous_1)
FN:34,(anonymous_2)
FN:62,(anonymous_3)
FNF:4
FNH:4
FNDA:6,(anonymous_0)
FNDA:12,(anonymous_1)
FNDA:14,(anonymous_2)
FNDA:14,(anonymous_3)
DA:1,3
DA:2,3
DA:5,3
DA:6,6
DA:9,6
DA:10,6
DA:13,6
DA:15,6
DA:16,1
DA:19,1
DA:22,5
DA:24,5
DA:26,12
DA:29,12
DA:30,4
DA:34,8
DA:35,14
DA:38,14
DA:39,3
DA:42,14
DA:43,3
DA:47,8
DA:58,8
DA:59,8
DA:62,8
DA:68,14
DA:69,2
DA:77,14
DA:79,2
DA:80,2
DA:81,2
DA:89,14
DA:90,1
DA:96,14
DA:97,2
DA:103,8
DA:105,5
DA:107,0
LF:38
LH:37
BRDA:9,0,0,6
BRDA:9,0,1,0
BRDA:10,1,0,6
BRDA:10,1,1,0
BRDA:15,2,0,1
BRDA:15,2,1,5
BRDA:29,3,0,4
BRDA:29,3,1,8
BRDA:29,4,0,12
BRDA:29,4,1,8
BRDA:38,5,0,3
BRDA:38,5,1,11
BRDA:38,6,0,14
BRDA:38,6,1,6
BRDA:42,7,0,3
BRDA:42,7,1,11
BRDA:42,8,0,14
BRDA:42,8,1,6
BRDA:58,9,0,8
BRDA:58,9,1,0
BRDA:58,10,0,8
BRDA:58,10,1,8
BRDA:68,11,0,2
BRDA:68,11,1,12
BRDA:68,12,0,14
BRDA:68,12,1,2
BRDA:68,12,2,2
BRDA:77,13,0,2
BRDA:77,13,1,12
BRDA:79,14,0,2
BRDA:79,14,1,0
BRDA:79,15,0,2
BRDA:79,15,1,2
BRDA:80,16,0,2
BRDA:80,16,1,0
BRDA:89,17,0,1
BRDA:89,17,1,13
BRDA:96,18,0,2
BRDA:96,18,1,12
BRF:39
BRH:34
end_of_record
TN:
SF:controllers/household.controller.js
FN:6,(anonymous_0)
FN:41,(anonymous_1)
FN:96,(anonymous_2)
FN:111,(anonymous_3)
FN:138,(anonymous_4)
FN:166,(anonymous_5)
FNF:6
FNH:6
FNDA:6,(anonymous_0)
FNDA:11,(anonymous_1)
FNDA:2,(anonymous_2)
FNDA:3,(anonymous_3)
FNDA:3,(anonymous_4)
FNDA:3,(anonymous_5)
DA:1,3
DA:2,3
DA:3,3
DA:6,3
DA:8,6
DA:10,6
DA:12,6
DA:13,1
DA:17,5
DA:18,1
DA:22,1
DA:26,4
DA:30,4
DA:32,4
DA:36,0
DA:41,3
DA:42,11
DA:44,11
DA:45,11
DA:47,11
DA:48,1
DA:51,1
DA:56,10
DA:66,10
DA:67,1
DA:71,1
DA:74,9
DA:75,9
DA:77,7
DA:79,7
DA:80,7
DA:84,0
DA:91,2
DA:96,3
DA:97,2
DA:98,2
DA:99,2
DA:100,1
DA:102,1
DA:103,1
DA:106,0
DA:111,3
DA:112,3
DA:113,3
DA:115,3
DA:116,0
DA:121,3
DA:123,3
DA:124,2
DA:129,1
DA:133,0
DA:138,3
DA:139,3
DA:140,3
DA:142,3
DA:143,0
DA:146,0
DA:149,3
DA:150,2
DA:151,1
DA:156,1
DA:162,1
DA:166,3
DA:167,3
DA:169,3
DA:170,3
DA:173,3
DA:176,3
DA:179,3
DA:181,2
DA:182,2
DA:184,2
DA:185,1
DA:190,1
DA:196,1
LF:75
LH:68
BRDA:12,0,0,1
BRDA:12,0,1,5
BRDA:17,1,0,1
BRDA:17,1,1,4
BRDA:27,2,0,4
BRDA:27,2,1,0
BRDA:44,3,0,10
BRDA:44,3,1,1
BRDA:47,4,0,1
BRDA:47,4,1,10
BRDA:57,5,0,10
BRDA:57,5,1,0
BRDA:58,6,0,10
BRDA:58,6,1,0
BRDA:59,7,0,10
BRDA:59,7,1,0
BRDA:60,8,0,2
BRDA:60,8,1,8
BRDA:61,9,0,10
BRDA:61,9,1,0
BRDA:62,10,0,3
BRDA:62,10,1,7
BRDA:63,11,0,10
BRDA:63,11,1,0
BRDA:66,12,0,1
BRDA:66,12,1,9
BRDA:79,13,0,7
BRDA:79,13,1,0
BRDA:99,14,0,1
BRDA:99,14,1,1
BRDA:99,15,0,2
BRDA:99,15,1,2
BRDA:102,16,0,1
BRDA:102,16,1,0
BRDA:102,17,0,1
BRDA:102,17,1,1
BRDA:113,18,0,3
BRDA:113,18,1,0
BRDA:115,19,0,0
BRDA:115,19,1,3
BRDA:123,20,0,2
BRDA:123,20,1,1
BRDA:140,21,0,3
BRDA:140,21,1,0
BRDA:142,22,0,0
BRDA:142,22,1,3
BRDA:150,23,0,1
BRDA:150,23,1,1
BRDA:169,24,0,3
BRDA:169,24,1,0
BRDA:170,25,0,3
BRDA:170,25,1,0
BRDA:184,26,0,1
BRDA:184,26,1,1
BRF:54
BRH:40
end_of_record
TN:
SF:controllers/person.controller.js
FN:4,(anonymous_0)
FNF:1
FNH:1
FNDA:3,(anonymous_0)
DA:1,3
DA:4,3
DA:5,3
DA:7,3
DA:17,3
DA:18,2
DA:21,1
LF:7
LH:7
BRDA:8,0,0,2
BRDA:8,0,1,1
BRDA:9,1,0,2
BRDA:9,1,1,1
BRDA:10,2,0,2
BRDA:10,2,1,1
BRDA:11,3,0,1
BRDA:11,3,1,2
BRDA:12,4,0,2
BRDA:12,4,1,1
BRDA:13,5,0,1
BRDA:13,5,1,2
BRDA:14,6,0,2
BRDA:14,6,1,1
BRF:14
BRH:14
end_of_record
TN:
SF:models/household.model.js
FN:1,(anonymous_0)
FNF:1
FNH:1
FNDA:3,(anonymous_0)
DA:1,3
DA:2,3
DA:11,3
LF:3
LH:3
BRF:0
BRH:0
end_of_record
TN:
SF:models/index.js
FNF:0
FNH:0
DA:1,3
DA:2,3
DA:5,3
DA:25,3
DA:27,3
DA:28,3
DA:31,3
DA:32,3
DA:35,3
DA:36,3
DA:38,3
LF:11
LH:11
BRF:0
BRH:0
end_of_record
TN:
SF:models/person.model.js
FN:11,(anonymous_0)
FNF:1
FNH:1
FNDA:3,(anonymous_0)
DA:11,3
DA:12,3
DA:44,3
LF:3
LH:3
BRF:0
BRH:0
end_of_record
TN:
SF:routes/grants.routes.js
FNF:0
FNH:0
DA:1,3
DA:2,3
DA:5,3
DA:8,3
LF:4
LH:4
BRF:0
BRH:0
end_of_record
TN:
SF:routes/household.routes.js
FNF:0
FNH:0
DA:1,3
DA:2,3
DA:3,3
DA:10,3
DA:13,3
DA:16,3
DA:19,3
DA:22,3
DA:25,3
DA:27,3
LF:10
LH:10
BRF:0
BRH:0
end_of_record
TN:
SF:routes/person.routes.js
FNF:0
FNH:0
DA:1,3
DA:2,3
DA:4,3
DA:7,3
LF:4
LH:4
BRF:0
BRH:0
end_of_record
TN:
SF:services/household.service.js
FN:7,(anonymous_0)
FN:10,(anonymous_1)
FN:13,(anonymous_2)
FN:21,(anonymous_3)
FN:26,(anonymous_4)
FN:29,(anonymous_5)
FN:37,(anonymous_6)
FN:41,(anonymous_7)
FN:43,(anonymous_8)
FN:50,(anonymous_9)
FN:54,(anonymous_10)
FN:56,(anonymous_11)
FNF:12
FNH:9
FNDA:4,(anonymous_0)
FNDA:4,(anonymous_1)
FNDA:0,(anonymous_2)
FNDA:19,(anonymous_3)
FNDA:19,(anonymous_4)
FNDA:0,(anonymous_5)
FNDA:8,(anonymous_6)
FNDA:8,(anonymous_7)
FNDA:0,(anonymous_8)
FNDA:3,(anonymous_9)
FNDA:2,(anonymous_10)
FNDA:1,(anonymous_11)
DA:1,3
DA:2,3
DA:3,3
DA:5,3
DA:8,4
DA:9,4
DA:11,4
DA:14,0
DA:17,0
DA:22,19
DA:23,19
DA:27,19
DA:30,0
DA:33,0
DA:38,8
DA:39,8
DA:42,8
DA:44,0
DA:47,0
DA:51,3
DA:52,3
DA:55,2
DA:57,1
DA:60,0
LF:24
LH:17
BRF:0
BRH:0
end_of_record
TN:
SF:services/person.service.js
FN:7,(anonymous_0)
FN:10,(anonymous_1)
FN:13,(anonymous_2)
FN:21,(anonymous_3)
FN:40,(anonymous_4)
FN:45,(anonymous_5)
FN:47,(anonymous_6)
FNF:7
FNH:6
FNDA:3,(anonymous_0)
FNDA:2,(anonymous_1)
FNDA:1,(anonymous_2)
FNDA:9,(anonymous_3)
FNDA:3,(anonymous_4)
FNDA:3,(anonymous_5)
FNDA:0,(anonymous_6)
DA:1,3
DA:2,3
DA:3,3
DA:5,3
DA:8,3
DA:9,3
DA:11,2
DA:14,1
DA:17,0
DA:22,9
DA:24,9
DA:28,9
DA:29,7
DA:32,2
DA:36,2
DA:41,3
DA:42,3
DA:43,3
DA:46,3
DA:48,0
DA:51,0
LF:21
LH:18
BRDA:28,0,0,7
BRDA:28,0,1,2
BRDA:42,1,0,3
BRDA:42,1,1,0
BRF:4
BRH:3
end_of_record
TN:
SF:utils/constants.js
FNF:0
FNH:0
DA:1,3
LF:1
LH:1
BRF:0
BRH:0
end_of_record
TN:
SF:utils/helpers.js
FN:2,(anonymous_0)
FNF:1
FNH:1
FNDA:58,(anonymous_0)
DA:1,4
DA:4,58
DA:5,58
DA:6,58
DA:7,58
DA:8,58
DA:10,57
DA:12,58
LF:8
LH:8
BRDA:8,0,0,57
BRDA:8,0,1,1
BRDA:8,1,0,58
BRDA:8,1,1,1
BRDA:8,1,2,0
BRF:5
BRH:4
end_of_record
